<?xml version="1.0" encoding="UTF-8"?>
<testng-results ignored="0" total="2" passed="2" failed="0" skipped="0">
  <reporter-output>
  </reporter-output>
  <suite started-at="2023-05-02T15:24:43 IST" name="Suite" finished-at="2023-05-02T15:24:59 IST" duration-ms="15639">
    <groups>
    </groups>
    <test started-at="2023-05-02T15:24:43 IST" name="Test" finished-at="2023-05-02T15:24:59 IST" duration-ms="15639">
      <class name="tests.Test3_Login_DataProvider">
        <test-method is-config="true" signature="setup()[pri:0, instance:tests.Test3_Login_DataProvider@606e4010]" started-at="2023-05-02T15:24:44 IST" name="setup" finished-at="2023-05-02T15:24:51 IST" duration-ms="6913" status="PASS">
          <reporter-output>
          </reporter-output>
        </test-method> <!-- setup -->
        <test-method signature="testLogin(java.lang.String,java.lang.String)[pri:1, instance:tests.Test3_Login_DataProvider@606e4010]" started-at="2023-05-02T15:24:52 IST" name="testLogin" data-provider="testdata" finished-at="2023-05-02T15:24:55 IST" duration-ms="3453" status="PASS">
          <params>
            <param index="0">
              <value>
                <![CDATA[renu.singh@nagarro.com]]>
              </value>
            </param>
            <param index="1">
              <value>
                <![CDATA[Password123]]>
              </value>
            </param>
          </params>
          <reporter-output>
          </reporter-output>
        </test-method> <!-- testLogin -->
        <test-method signature="verifySignOut()[pri:2, instance:tests.Test3_Login_DataProvider@606e4010]" started-at="2023-05-02T15:24:55 IST" name="verifySignOut" finished-at="2023-05-02T15:24:59 IST" duration-ms="3445" status="PASS">
          <reporter-output>
          </reporter-output>
        </test-method> <!-- verifySignOut -->
        <test-method is-config="true" signature="tearDown()[pri:0, instance:tests.Test3_Login_DataProvider@606e4010]" started-at="2023-05-02T15:24:59 IST" name="tearDown" finished-at="2023-05-02T15:24:59 IST" duration-ms="454" status="PASS">
          <reporter-output>
          </reporter-output>
        </test-method> <!-- tearDown -->
        <test-method is-config="true" signature="copyTestExecution_In_Folder()[pri:0, instance:tests.Test3_Login_DataProvider@606e4010]" started-at="2023-05-02T15:25:00 IST" name="copyTestExecution_In_Folder" finished-at="2023-05-02T15:25:00 IST" duration-ms="379" status="PASS">
          <reporter-output>
          </reporter-output>
        </test-method> <!-- copyTestExecution_In_Folder -->
      </class> <!-- tests.Test3_Login_DataProvider -->
    </test> <!-- Test -->
  </suite> <!-- Suite -->
</testng-results>
