<?xml version="1.0" encoding="UTF-8"?>
<testng-results ignored="0" total="3" passed="3" failed="0" skipped="0">
  <reporter-output>
  </reporter-output>
  <suite started-at="2023-05-02T17:50:28 IST" name="Default suite" finished-at="2023-05-02T17:50:43 IST" duration-ms="15531">
    <groups>
    </groups>
    <test started-at="2023-05-02T17:50:28 IST" name="Default test" finished-at="2023-05-02T17:50:43 IST" duration-ms="15531">
      <class name="tests.Test2_Login_CredentialsConfigFile">
        <test-method is-config="true" signature="setup()[pri:0, instance:tests.Test2_Login_CredentialsConfigFile@5e63cad]" started-at="2023-05-02T17:50:28 IST" name="setup" finished-at="2023-05-02T17:50:36 IST" duration-ms="8354" status="PASS">
          <reporter-output>
          </reporter-output>
        </test-method> <!-- setup -->
        <test-method signature="login()[pri:1, instance:tests.Test2_Login_CredentialsConfigFile@5e63cad]" started-at="2023-05-02T17:50:36 IST" name="login" finished-at="2023-05-02T17:50:39 IST" duration-ms="3113" status="PASS">
          <reporter-output>
          </reporter-output>
        </test-method> <!-- login -->
        <test-method signature="verifySignOut()[pri:2, instance:tests.Test2_Login_CredentialsConfigFile@5e63cad]" started-at="2023-05-02T17:50:39 IST" name="verifySignOut" finished-at="2023-05-02T17:50:43 IST" duration-ms="3511" status="PASS">
          <reporter-output>
          </reporter-output>
        </test-method> <!-- verifySignOut -->
        <test-method signature="tearDown()[pri:3, instance:tests.Test2_Login_CredentialsConfigFile@5e63cad]" started-at="2023-05-02T17:50:43 IST" name="tearDown" finished-at="2023-05-02T17:50:43 IST" duration-ms="455" status="PASS">
          <reporter-output>
          </reporter-output>
        </test-method> <!-- tearDown -->
        <test-method is-config="true" signature="copyTestExecution_In_Folder()[pri:0, instance:tests.Test2_Login_CredentialsConfigFile@5e63cad]" started-at="2023-05-02T17:50:43 IST" name="copyTestExecution_In_Folder" finished-at="2023-05-02T17:50:44 IST" duration-ms="1105" status="PASS">
          <reporter-output>
          </reporter-output>
        </test-method> <!-- copyTestExecution_In_Folder -->
      </class> <!-- tests.Test2_Login_CredentialsConfigFile -->
    </test> <!-- Default test -->
  </suite> <!-- Default suite -->
</testng-results>
