<?xml version="1.0" encoding="UTF-8"?>
<testng-results ignored="0" total="3" passed="3" failed="0" skipped="0">
  <reporter-output>
  </reporter-output>
  <suite started-at="2023-05-02T17:50:00 IST" name="Default suite" finished-at="2023-05-02T17:50:15 IST" duration-ms="14746">
    <groups>
    </groups>
    <test started-at="2023-05-02T17:50:00 IST" name="Default test" finished-at="2023-05-02T17:50:15 IST" duration-ms="14746">
      <class name="tests.Test2_Login_CredentialsConfigFile">
        <test-method is-config="true" signature="setup()[pri:0, instance:tests.Test2_Login_CredentialsConfigFile@4be29ed9]" started-at="2023-05-02T17:50:00 IST" name="setup" finished-at="2023-05-02T17:50:08 IST" duration-ms="7880" status="PASS">
          <reporter-output>
          </reporter-output>
        </test-method> <!-- setup -->
        <test-method signature="login()[pri:1, instance:tests.Test2_Login_CredentialsConfigFile@4be29ed9]" started-at="2023-05-02T17:50:08 IST" name="login" finished-at="2023-05-02T17:50:11 IST" duration-ms="3024" status="PASS">
          <reporter-output>
          </reporter-output>
        </test-method> <!-- login -->
        <test-method signature="verifySignOut()[pri:2, instance:tests.Test2_Login_CredentialsConfigFile@4be29ed9]" started-at="2023-05-02T17:50:11 IST" name="verifySignOut" finished-at="2023-05-02T17:50:15 IST" duration-ms="3456" status="PASS">
          <reporter-output>
          </reporter-output>
        </test-method> <!-- verifySignOut -->
        <test-method signature="tearDown()[pri:3, instance:tests.Test2_Login_CredentialsConfigFile@4be29ed9]" started-at="2023-05-02T17:50:15 IST" name="tearDown" finished-at="2023-05-02T17:50:15 IST" duration-ms="323" status="PASS">
          <reporter-output>
          </reporter-output>
        </test-method> <!-- tearDown -->
        <test-method is-config="true" signature="copyTestExecution_In_Folder()[pri:0, instance:tests.Test2_Login_CredentialsConfigFile@4be29ed9]" started-at="2023-05-02T17:50:15 IST" name="copyTestExecution_In_Folder" finished-at="2023-05-02T17:50:18 IST" duration-ms="2409" status="PASS">
          <reporter-output>
          </reporter-output>
        </test-method> <!-- copyTestExecution_In_Folder -->
      </class> <!-- tests.Test2_Login_CredentialsConfigFile -->
    </test> <!-- Default test -->
  </suite> <!-- Default suite -->
</testng-results>
