<?xml version="1.0" encoding="UTF-8"?>
<testng-results ignored="0" total="6" passed="6" failed="0" skipped="0">
  <reporter-output>
  </reporter-output>
  <suite started-at="2023-05-01T22:01:19 IST" name="Suite" finished-at="2023-05-01T22:02:25 IST" duration-ms="66273">
    <groups>
    </groups>
    <test started-at="2023-05-01T22:01:19 IST" name="Test" finished-at="2023-05-01T22:02:25 IST" duration-ms="66273">
      <class name="tests.Test6_Login_ProductSelect_Logout">
        <test-method is-config="true" signature="setup()[pri:0, instance:tests.Test6_Login_ProductSelect_Logout@2584b82d]" started-at="2023-05-01T22:01:19 IST" name="setup" finished-at="2023-05-01T22:01:26 IST" duration-ms="6707" status="PASS">
          <reporter-output>
          </reporter-output>
        </test-method> <!-- setup -->
        <test-method signature="login()[pri:1, instance:tests.Test6_Login_ProductSelect_Logout@2584b82d]" started-at="2023-05-01T22:01:26 IST" name="login" finished-at="2023-05-01T22:01:29 IST" duration-ms="3646" status="PASS">
          <reporter-output>
          </reporter-output>
        </test-method> <!-- login -->
        <test-method is-config="true" signature="afterMethod(org.testng.ITestResult)[pri:0, instance:tests.Test6_Login_ProductSelect_Logout@2584b82d]" started-at="2023-05-01T22:01:29 IST" name="afterMethod" finished-at="2023-05-01T22:01:30 IST" duration-ms="212" status="PASS">
          <params>
            <param index="0">
              <value>
                <![CDATA[[TestResult name=login status=SUCCESS method=Test6_Login_ProductSelect_Logout.login()[pri:1, instance:tests.Test6_Login_ProductSelect_Logout@2584b82d] output={null}]]]>
              </value>
            </param>
          </params>
          <reporter-output>
          </reporter-output>
        </test-method> <!-- afterMethod -->
        <test-method signature="womenTopSelect()[pri:2, instance:tests.Test6_Login_ProductSelect_Logout@2584b82d]" started-at="2023-05-01T22:01:30 IST" name="womenTopSelect" finished-at="2023-05-01T22:01:44 IST" duration-ms="14207" status="PASS">
          <reporter-output>
          </reporter-output>
        </test-method> <!-- womenTopSelect -->
        <test-method is-config="true" signature="afterMethod(org.testng.ITestResult)[pri:0, instance:tests.Test6_Login_ProductSelect_Logout@2584b82d]" started-at="2023-05-01T22:01:44 IST" name="afterMethod" finished-at="2023-05-01T22:01:44 IST" duration-ms="48" status="PASS">
          <params>
            <param index="0">
              <value>
                <![CDATA[[TestResult name=womenTopSelect status=SUCCESS method=Test6_Login_ProductSelect_Logout.womenTopSelect()[pri:2, instance:tests.Test6_Login_ProductSelect_Logout@2584b82d] output={null}]]]>
              </value>
            </param>
          </params>
          <reporter-output>
          </reporter-output>
        </test-method> <!-- afterMethod -->
        <test-method signature="menBottomSelect()[pri:3, instance:tests.Test6_Login_ProductSelect_Logout@2584b82d]" started-at="2023-05-01T22:01:44 IST" name="menBottomSelect" finished-at="2023-05-01T22:01:57 IST" duration-ms="13521" status="PASS">
          <reporter-output>
          </reporter-output>
        </test-method> <!-- menBottomSelect -->
        <test-method is-config="true" signature="afterMethod(org.testng.ITestResult)[pri:0, instance:tests.Test6_Login_ProductSelect_Logout@2584b82d]" started-at="2023-05-01T22:01:57 IST" name="afterMethod" finished-at="2023-05-01T22:01:57 IST" duration-ms="24" status="PASS">
          <params>
            <param index="0">
              <value>
                <![CDATA[[TestResult name=menBottomSelect status=SUCCESS method=Test6_Login_ProductSelect_Logout.menBottomSelect()[pri:3, instance:tests.Test6_Login_ProductSelect_Logout@2584b82d] output={null}]]]>
              </value>
            </param>
          </params>
          <reporter-output>
          </reporter-output>
        </test-method> <!-- afterMethod -->
        <test-method signature="AddRemoveWishListItem()[pri:4, instance:tests.Test6_Login_ProductSelect_Logout@2584b82d]" started-at="2023-05-01T22:01:57 IST" name="AddRemoveWishListItem" finished-at="2023-05-01T22:02:21 IST" duration-ms="23442" status="PASS">
          <reporter-output>
          </reporter-output>
        </test-method> <!-- AddRemoveWishListItem -->
        <test-method is-config="true" signature="afterMethod(org.testng.ITestResult)[pri:0, instance:tests.Test6_Login_ProductSelect_Logout@2584b82d]" started-at="2023-05-01T22:02:21 IST" name="afterMethod" finished-at="2023-05-01T22:02:21 IST" duration-ms="38" status="PASS">
          <params>
            <param index="0">
              <value>
                <![CDATA[[TestResult name=AddRemoveWishListItem status=SUCCESS method=Test6_Login_ProductSelect_Logout.AddRemoveWishListItem()[pri:4, instance:tests.Test6_Login_ProductSelect_Logout@2584b82d] output={null}]]]>
              </value>
            </param>
          </params>
          <reporter-output>
          </reporter-output>
        </test-method> <!-- afterMethod -->
        <test-method signature="verifySignOut()[pri:5, instance:tests.Test6_Login_ProductSelect_Logout@2584b82d]" started-at="2023-05-01T22:02:21 IST" name="verifySignOut" finished-at="2023-05-01T22:02:25 IST" duration-ms="4120" status="PASS">
          <reporter-output>
          </reporter-output>
        </test-method> <!-- verifySignOut -->
        <test-method is-config="true" signature="afterMethod(org.testng.ITestResult)[pri:0, instance:tests.Test6_Login_ProductSelect_Logout@2584b82d]" started-at="2023-05-01T22:02:25 IST" name="afterMethod" finished-at="2023-05-01T22:02:25 IST" duration-ms="24" status="PASS">
          <params>
            <param index="0">
              <value>
                <![CDATA[[TestResult name=verifySignOut status=SUCCESS method=Test6_Login_ProductSelect_Logout.verifySignOut()[pri:5, instance:tests.Test6_Login_ProductSelect_Logout@2584b82d] output={null}]]]>
              </value>
            </param>
          </params>
          <reporter-output>
          </reporter-output>
        </test-method> <!-- afterMethod -->
        <test-method signature="tearDown()[pri:6, instance:tests.Test6_Login_ProductSelect_Logout@2584b82d]" started-at="2023-05-01T22:02:25 IST" name="tearDown" finished-at="2023-05-01T22:02:25 IST" duration-ms="205" status="PASS">
          <reporter-output>
          </reporter-output>
        </test-method> <!-- tearDown -->
        <test-method is-config="true" signature="afterMethod(org.testng.ITestResult)[pri:0, instance:tests.Test6_Login_ProductSelect_Logout@2584b82d]" started-at="2023-05-01T22:02:25 IST" name="afterMethod" finished-at="2023-05-01T22:02:25 IST" duration-ms="36" status="PASS">
          <params>
            <param index="0">
              <value>
                <![CDATA[[TestResult name=tearDown status=SUCCESS method=Test6_Login_ProductSelect_Logout.tearDown()[pri:6, instance:tests.Test6_Login_ProductSelect_Logout@2584b82d] output={null}]]]>
              </value>
            </param>
          </params>
          <reporter-output>
          </reporter-output>
        </test-method> <!-- afterMethod -->
        <test-method is-config="true" signature="copyTestExecution_In_Folder()[pri:0, instance:tests.Test6_Login_ProductSelect_Logout@2584b82d]" started-at="2023-05-01T22:02:25 IST" name="copyTestExecution_In_Folder" finished-at="2023-05-01T22:02:26 IST" duration-ms="877" status="PASS">
          <reporter-output>
          </reporter-output>
        </test-method> <!-- copyTestExecution_In_Folder -->
      </class> <!-- tests.Test6_Login_ProductSelect_Logout -->
    </test> <!-- Test -->
  </suite> <!-- Suite -->
</testng-results>
