<?xml version="1.0" encoding="UTF-8"?>
<testng-results ignored="0" total="8" passed="8" failed="0" skipped="0">
  <reporter-output>
  </reporter-output>
  <suite started-at="2023-05-02T18:05:21 IST" name="Default suite" finished-at="2023-05-02T18:06:22 IST" duration-ms="61082">
    <groups>
    </groups>
    <test started-at="2023-05-02T18:05:21 IST" name="Default test" finished-at="2023-05-02T18:06:22 IST" duration-ms="61082">
      <class name="tests.Test4_HomePage_MenuOptions">
        <test-method is-config="true" signature="setup()[pri:0, instance:tests.Test4_HomePage_MenuOptions@75437611]" started-at="2023-05-02T18:05:21 IST" name="setup" finished-at="2023-05-02T18:05:27 IST" duration-ms="6041" status="PASS">
          <reporter-output>
          </reporter-output>
        </test-method> <!-- setup -->
        <test-method signature="login()[pri:10, instance:tests.Test4_HomePage_MenuOptions@75437611]" started-at="2023-05-02T18:05:27 IST" name="login" finished-at="2023-05-02T18:05:30 IST" duration-ms="3282" status="PASS">
          <reporter-output>
          </reporter-output>
        </test-method> <!-- login -->
        <test-method signature="salePage()[pri:11, instance:tests.Test4_HomePage_MenuOptions@75437611]" started-at="2023-05-02T18:05:30 IST" name="salePage" finished-at="2023-05-02T18:05:36 IST" duration-ms="6149" status="PASS">
          <reporter-output>
          </reporter-output>
        </test-method> <!-- salePage -->
        <test-method signature="whatsNew()[pri:12, instance:tests.Test4_HomePage_MenuOptions@75437611]" started-at="2023-05-02T18:05:36 IST" name="whatsNew" finished-at="2023-05-02T18:05:44 IST" duration-ms="7578" status="PASS">
          <reporter-output>
          </reporter-output>
        </test-method> <!-- whatsNew -->
        <test-method signature="womenCategory()[pri:13, instance:tests.Test4_HomePage_MenuOptions@75437611]" started-at="2023-05-02T18:05:44 IST" name="womenCategory" finished-at="2023-05-02T18:05:52 IST" duration-ms="7573" status="PASS">
          <reporter-output>
          </reporter-output>
        </test-method> <!-- womenCategory -->
        <test-method signature="menCategory()[pri:14, instance:tests.Test4_HomePage_MenuOptions@75437611]" started-at="2023-05-02T18:05:52 IST" name="menCategory" finished-at="2023-05-02T18:06:02 IST" duration-ms="10414" status="PASS">
          <reporter-output>
          </reporter-output>
        </test-method> <!-- menCategory -->
        <test-method signature="gearCategory()[pri:15, instance:tests.Test4_HomePage_MenuOptions@75437611]" started-at="2023-05-02T18:06:02 IST" name="gearCategory" finished-at="2023-05-02T18:06:10 IST" duration-ms="7583" status="PASS">
          <reporter-output>
          </reporter-output>
        </test-method> <!-- gearCategory -->
        <test-method signature="training()[pri:16, instance:tests.Test4_HomePage_MenuOptions@75437611]" started-at="2023-05-02T18:06:10 IST" name="training" finished-at="2023-05-02T18:06:18 IST" duration-ms="8092" status="PASS">
          <reporter-output>
          </reporter-output>
        </test-method> <!-- training -->
        <test-method signature="verifySignOut()[pri:17, instance:tests.Test4_HomePage_MenuOptions@75437611]" started-at="2023-05-02T18:06:18 IST" name="verifySignOut" finished-at="2023-05-02T18:06:22 IST" duration-ms="4070" status="PASS">
          <reporter-output>
          </reporter-output>
        </test-method> <!-- verifySignOut -->
        <test-method is-config="true" signature="tearDown()[pri:0, instance:tests.Test4_HomePage_MenuOptions@75437611]" started-at="2023-05-02T18:06:22 IST" name="tearDown" finished-at="2023-05-02T18:06:22 IST" duration-ms="241" status="PASS">
          <reporter-output>
          </reporter-output>
        </test-method> <!-- tearDown -->
        <test-method is-config="true" signature="copyTestExecution_In_Folder()[pri:0, instance:tests.Test4_HomePage_MenuOptions@75437611]" started-at="2023-05-02T18:06:22 IST" name="copyTestExecution_In_Folder" finished-at="2023-05-02T18:06:23 IST" duration-ms="913" status="PASS">
          <reporter-output>
          </reporter-output>
        </test-method> <!-- copyTestExecution_In_Folder -->
      </class> <!-- tests.Test4_HomePage_MenuOptions -->
    </test> <!-- Default test -->
  </suite> <!-- Default suite -->
</testng-results>
