<?xml version="1.0" encoding="UTF-8"?>
<testng-results ignored="0" total="8" passed="8" failed="0" skipped="0">
  <reporter-output>
  </reporter-output>
  <suite started-at="2023-05-02T18:02:35 IST" name="Default suite" finished-at="2023-05-02T18:03:37 IST" duration-ms="62650">
    <groups>
    </groups>
    <test started-at="2023-05-02T18:02:35 IST" name="Default test" finished-at="2023-05-02T18:03:37 IST" duration-ms="62650">
      <class name="tests.Test4_HomePage_MenuOptions">
        <test-method is-config="true" signature="setup()[pri:0, instance:tests.Test4_HomePage_MenuOptions@75437611]" started-at="2023-05-02T18:02:35 IST" name="setup" finished-at="2023-05-02T18:02:42 IST" duration-ms="6728" status="PASS">
          <reporter-output>
          </reporter-output>
        </test-method> <!-- setup -->
        <test-method signature="login()[pri:10, instance:tests.Test4_HomePage_MenuOptions@75437611]" started-at="2023-05-02T18:02:42 IST" name="login" finished-at="2023-05-02T18:02:45 IST" duration-ms="3563" status="PASS">
          <reporter-output>
          </reporter-output>
        </test-method> <!-- login -->
        <test-method signature="salePage()[pri:11, instance:tests.Test4_HomePage_MenuOptions@75437611]" started-at="2023-05-02T18:02:45 IST" name="salePage" finished-at="2023-05-02T18:02:53 IST" duration-ms="7410" status="PASS">
          <reporter-output>
          </reporter-output>
        </test-method> <!-- salePage -->
        <test-method signature="whatsNew()[pri:12, instance:tests.Test4_HomePage_MenuOptions@75437611]" started-at="2023-05-02T18:02:53 IST" name="whatsNew" finished-at="2023-05-02T18:03:00 IST" duration-ms="7711" status="PASS">
          <reporter-output>
          </reporter-output>
        </test-method> <!-- whatsNew -->
        <test-method signature="womenCategory()[pri:13, instance:tests.Test4_HomePage_MenuOptions@75437611]" started-at="2023-05-02T18:03:00 IST" name="womenCategory" finished-at="2023-05-02T18:03:08 IST" duration-ms="7815" status="PASS">
          <reporter-output>
          </reporter-output>
        </test-method> <!-- womenCategory -->
        <test-method signature="menCategory()[pri:14, instance:tests.Test4_HomePage_MenuOptions@75437611]" started-at="2023-05-02T18:03:08 IST" name="menCategory" finished-at="2023-05-02T18:03:18 IST" duration-ms="10065" status="PASS">
          <reporter-output>
          </reporter-output>
        </test-method> <!-- menCategory -->
        <test-method signature="gearCategory()[pri:15, instance:tests.Test4_HomePage_MenuOptions@75437611]" started-at="2023-05-02T18:03:18 IST" name="gearCategory" finished-at="2023-05-02T18:03:26 IST" duration-ms="7438" status="PASS">
          <reporter-output>
          </reporter-output>
        </test-method> <!-- gearCategory -->
        <test-method signature="training()[pri:16, instance:tests.Test4_HomePage_MenuOptions@75437611]" started-at="2023-05-02T18:03:26 IST" name="training" finished-at="2023-05-02T18:03:33 IST" duration-ms="7467" status="PASS">
          <reporter-output>
          </reporter-output>
        </test-method> <!-- training -->
        <test-method signature="verifySignOut()[pri:17, instance:tests.Test4_HomePage_MenuOptions@75437611]" started-at="2023-05-02T18:03:33 IST" name="verifySignOut" finished-at="2023-05-02T18:03:37 IST" duration-ms="4070" status="PASS">
          <reporter-output>
          </reporter-output>
        </test-method> <!-- verifySignOut -->
        <test-method is-config="true" signature="tearDown()[pri:0, instance:tests.Test4_HomePage_MenuOptions@75437611]" started-at="2023-05-02T18:03:37 IST" name="tearDown" finished-at="2023-05-02T18:03:37 IST" duration-ms="324" status="PASS">
          <reporter-output>
          </reporter-output>
        </test-method> <!-- tearDown -->
        <test-method is-config="true" signature="copyTestExecution_In_Folder()[pri:0, instance:tests.Test4_HomePage_MenuOptions@75437611]" started-at="2023-05-02T18:03:37 IST" name="copyTestExecution_In_Folder" finished-at="2023-05-02T18:03:39 IST" duration-ms="1194" status="PASS">
          <reporter-output>
          </reporter-output>
        </test-method> <!-- copyTestExecution_In_Folder -->
      </class> <!-- tests.Test4_HomePage_MenuOptions -->
    </test> <!-- Default test -->
  </suite> <!-- Default suite -->
</testng-results>
