<?xml version="1.0" encoding="UTF-8"?>
<testng-results ignored="0" total="6" passed="5" failed="1" skipped="0">
  <reporter-output>
  </reporter-output>
  <suite started-at="2023-05-02T22:26:54 IST" name="Default suite" finished-at="2023-05-02T22:27:52 IST" duration-ms="58000">
    <groups>
    </groups>
    <test started-at="2023-05-02T22:26:54 IST" name="Default test" finished-at="2023-05-02T22:27:52 IST" duration-ms="58000">
      <class name="tests.Test6_Login_ProductSelect_Logout">
        <test-method is-config="true" signature="setup()[pri:0, instance:tests.Test6_Login_ProductSelect_Logout@53fb3dab]" started-at="2023-05-02T22:26:54 IST" name="setup" finished-at="2023-05-02T22:27:05 IST" duration-ms="10931" status="PASS">
          <reporter-output>
          </reporter-output>
        </test-method> <!-- setup -->
        <test-method signature="login()[pri:1, instance:tests.Test6_Login_ProductSelect_Logout@53fb3dab]" started-at="2023-05-02T22:27:05 IST" name="login" finished-at="2023-05-02T22:27:08 IST" duration-ms="3559" status="PASS">
          <reporter-output>
          </reporter-output>
        </test-method> <!-- login -->
        <test-method signature="womenTopSelect()[pri:2, instance:tests.Test6_Login_ProductSelect_Logout@53fb3dab]" started-at="2023-05-02T22:27:08 IST" name="womenTopSelect" finished-at="2023-05-02T22:27:20 IST" duration-ms="11552" status="PASS">
          <reporter-output>
          </reporter-output>
        </test-method> <!-- womenTopSelect -->
        <test-method signature="menBottomSelect()[pri:3, instance:tests.Test6_Login_ProductSelect_Logout@53fb3dab]" started-at="2023-05-02T22:27:20 IST" name="menBottomSelect" finished-at="2023-05-02T22:27:31 IST" duration-ms="11073" status="PASS">
          <reporter-output>
          </reporter-output>
        </test-method> <!-- menBottomSelect -->
        <test-method signature="AddRemoveWishListItem()[pri:4, instance:tests.Test6_Login_ProductSelect_Logout@53fb3dab]" started-at="2023-05-02T22:27:31 IST" name="AddRemoveWishListItem" finished-at="2023-05-02T22:27:47 IST" duration-ms="16046" status="FAIL">
          <exception class="org.openqa.selenium.ElementNotInteractableException">
            <message>
              <![CDATA[element not interactable
  (Session info: chrome=112.0.5615.138)
Build info: version: '4.8.3', revision: 'e5e76298c3'
System info: os.name: 'Windows 11', os.arch: 'amd64', os.version: '10.0', java.version: '17.0.6'
Driver info: org.openqa.selenium.chrome.ChromeDriver
Command: [f9c2434f34b8234d5c699c8c7a3e79b7, clickElement {id=713d9c84-5e95-4c0c-b639-80270809dbf1}]
Capabilities {acceptInsecureCerts: false, browserName: chrome, browserVersion: 112.0.5615.138, chrome: {chromedriverVersion: 112.0.5615.49 (bd2a7bcb881c..., userDataDir: C:\Users\renu2143\AppData\L...}, goog:chromeOptions: {debuggerAddress: localhost:64724}, networkConnectionEnabled: false, pageLoadStrategy: normal, platformName: WINDOWS, proxy: Proxy(), se:cdp: ws://localhost:64724/devtoo..., se:cdpVersion: 112.0.5615.138, setWindowRect: true, strictFileInteractability: false, timeouts: {implicit: 0, pageLoad: 300000, script: 30000}, unhandledPromptBehavior: dismiss and notify, webauthn:extension:credBlob: true, webauthn:extension:largeBlob: true, webauthn:extension:minPinLength: true, webauthn:extension:prf: true, webauthn:virtualAuthenticators: true}
Element: [[ChromeDriver: chrome on WINDOWS (f9c2434f34b8234d5c699c8c7a3e79b7)] -> xpath: /html[1]/body[1]/div[1]/main[1]/div[2]/div[1]/form[1]/div[1]/ol[1]/li[2]/div[1]/div[3]/div[3]/a[2]]
Session ID: f9c2434f34b8234d5c699c8c7a3e79b7]]>
            </message>
            <full-stacktrace>
              <![CDATA[org.openqa.selenium.ElementNotInteractableException: element not interactable
  (Session info: chrome=112.0.5615.138)
Build info: version: '4.8.3', revision: 'e5e76298c3'
System info: os.name: 'Windows 11', os.arch: 'amd64', os.version: '10.0', java.version: '17.0.6'
Driver info: org.openqa.selenium.chrome.ChromeDriver
Command: [f9c2434f34b8234d5c699c8c7a3e79b7, clickElement {id=713d9c84-5e95-4c0c-b639-80270809dbf1}]
Capabilities {acceptInsecureCerts: false, browserName: chrome, browserVersion: 112.0.5615.138, chrome: {chromedriverVersion: 112.0.5615.49 (bd2a7bcb881c..., userDataDir: C:\Users\renu2143\AppData\L...}, goog:chromeOptions: {debuggerAddress: localhost:64724}, networkConnectionEnabled: false, pageLoadStrategy: normal, platformName: WINDOWS, proxy: Proxy(), se:cdp: ws://localhost:64724/devtoo..., se:cdpVersion: 112.0.5615.138, setWindowRect: true, strictFileInteractability: false, timeouts: {implicit: 0, pageLoad: 300000, script: 30000}, unhandledPromptBehavior: dismiss and notify, webauthn:extension:credBlob: true, webauthn:extension:largeBlob: true, webauthn:extension:minPinLength: true, webauthn:extension:prf: true, webauthn:virtualAuthenticators: true}
Element: [[ChromeDriver: chrome on WINDOWS (f9c2434f34b8234d5c699c8c7a3e79b7)] -> xpath: /html[1]/body[1]/div[1]/main[1]/div[2]/div[1]/form[1]/div[1]/ol[1]/li[2]/div[1]/div[3]/div[3]/a[2]]
Session ID: f9c2434f34b8234d5c699c8c7a3e79b7
at java.base/jdk.internal.reflect.NativeConstructorAccessorImpl.newInstance0(Native Method)
at java.base/jdk.internal.reflect.NativeConstructorAccessorImpl.newInstance(NativeConstructorAccessorImpl.java:77)
at java.base/jdk.internal.reflect.DelegatingConstructorAccessorImpl.newInstance(DelegatingConstructorAccessorImpl.java:45)
at java.base/java.lang.reflect.Constructor.newInstanceWithCaller(Constructor.java:499)
at java.base/java.lang.reflect.Constructor.newInstance(Constructor.java:480)
at org.openqa.selenium.remote.codec.w3c.W3CHttpResponseCodec.createException(W3CHttpResponseCodec.java:200)
at org.openqa.selenium.remote.codec.w3c.W3CHttpResponseCodec.decode(W3CHttpResponseCodec.java:133)
at org.openqa.selenium.remote.codec.w3c.W3CHttpResponseCodec.decode(W3CHttpResponseCodec.java:53)
at org.openqa.selenium.remote.HttpCommandExecutor.execute(HttpCommandExecutor.java:193)
at org.openqa.selenium.remote.service.DriverCommandExecutor.invokeExecute(DriverCommandExecutor.java:183)
at org.openqa.selenium.remote.service.DriverCommandExecutor.execute(DriverCommandExecutor.java:158)
at org.openqa.selenium.remote.RemoteWebDriver.execute(RemoteWebDriver.java:543)
at org.openqa.selenium.remote.RemoteWebElement.execute(RemoteWebElement.java:257)
at org.openqa.selenium.remote.RemoteWebElement.click(RemoteWebElement.java:78)
at pages.HomePage.removeWishListTop(HomePage.java:503)
at tests.Test6_Login_ProductSelect_Logout.AddRemoveWishListItem(Test6_Login_ProductSelect_Logout.java:55)
at java.base/jdk.internal.reflect.NativeMethodAccessorImpl.invoke0(Native Method)
at java.base/jdk.internal.reflect.NativeMethodAccessorImpl.invoke(NativeMethodAccessorImpl.java:77)
at java.base/jdk.internal.reflect.DelegatingMethodAccessorImpl.invoke(DelegatingMethodAccessorImpl.java:43)
at java.base/java.lang.reflect.Method.invoke(Method.java:568)
at org.testng.internal.invokers.MethodInvocationHelper.invokeMethod(MethodInvocationHelper.java:139)
at org.testng.internal.invokers.TestInvoker.invokeMethod(TestInvoker.java:677)
at org.testng.internal.invokers.TestInvoker.invokeTestMethod(TestInvoker.java:221)
at org.testng.internal.invokers.MethodRunner.runInSequence(MethodRunner.java:50)
at org.testng.internal.invokers.TestInvoker$MethodInvocationAgent.invoke(TestInvoker.java:969)
at org.testng.internal.invokers.TestInvoker.invokeTestMethods(TestInvoker.java:194)
at org.testng.internal.invokers.TestMethodWorker.invokeTestMethods(TestMethodWorker.java:148)
at org.testng.internal.invokers.TestMethodWorker.run(TestMethodWorker.java:128)
at java.base/java.util.ArrayList.forEach(ArrayList.java:1511)
at org.testng.TestRunner.privateRun(TestRunner.java:829)
at org.testng.TestRunner.run(TestRunner.java:602)
at org.testng.SuiteRunner.runTest(SuiteRunner.java:437)
at org.testng.SuiteRunner.runSequentially(SuiteRunner.java:431)
at org.testng.SuiteRunner.privateRun(SuiteRunner.java:391)
at org.testng.SuiteRunner.run(SuiteRunner.java:330)
at org.testng.SuiteRunnerWorker.runSuite(SuiteRunnerWorker.java:52)
at org.testng.SuiteRunnerWorker.run(SuiteRunnerWorker.java:95)
at org.testng.TestNG.runSuitesSequentially(TestNG.java:1256)
at org.testng.TestNG.runSuitesLocally(TestNG.java:1176)
at org.testng.TestNG.runSuites(TestNG.java:1099)
at org.testng.TestNG.run(TestNG.java:1067)
at org.testng.remote.AbstractRemoteTestNG.run(AbstractRemoteTestNG.java:115)
at org.testng.remote.RemoteTestNG.initAndRun(RemoteTestNG.java:251)
at org.testng.remote.RemoteTestNG.main(RemoteTestNG.java:77)
]]>
            </full-stacktrace>
          </exception> <!-- org.openqa.selenium.ElementNotInteractableException -->
          <reporter-output>
          </reporter-output>
        </test-method> <!-- AddRemoveWishListItem -->
        <test-method signature="verifySignOut()[pri:5, instance:tests.Test6_Login_ProductSelect_Logout@53fb3dab]" started-at="2023-05-02T22:27:47 IST" name="verifySignOut" finished-at="2023-05-02T22:27:51 IST" duration-ms="4332" status="PASS">
          <reporter-output>
          </reporter-output>
        </test-method> <!-- verifySignOut -->
        <test-method signature="tearDown()[pri:6, instance:tests.Test6_Login_ProductSelect_Logout@53fb3dab]" started-at="2023-05-02T22:27:51 IST" name="tearDown" finished-at="2023-05-02T22:27:52 IST" duration-ms="432" status="PASS">
          <reporter-output>
          </reporter-output>
        </test-method> <!-- tearDown -->
        <test-method is-config="true" signature="copyTestExecution_In_Folder()[pri:0, instance:tests.Test6_Login_ProductSelect_Logout@53fb3dab]" started-at="2023-05-02T22:27:52 IST" name="copyTestExecution_In_Folder" finished-at="2023-05-02T22:27:53 IST" duration-ms="1137" status="PASS">
          <reporter-output>
          </reporter-output>
        </test-method> <!-- copyTestExecution_In_Folder -->
      </class> <!-- tests.Test6_Login_ProductSelect_Logout -->
    </test> <!-- Default test -->
  </suite> <!-- Default suite -->
</testng-results>
