<?xml version="1.0" encoding="UTF-8"?>
<testng-results ignored="0" total="2" passed="2" failed="0" skipped="0">
  <reporter-output>
  </reporter-output>
  <suite started-at="2023-05-01T21:08:50 IST" name="Default suite" finished-at="2023-05-01T21:09:09 IST" duration-ms="19271">
    <groups>
    </groups>
    <test started-at="2023-05-01T21:08:50 IST" name="Default test" finished-at="2023-05-01T21:09:09 IST" duration-ms="19271">
      <class name="tests.Test3_Login_DataProvider">
        <test-method is-config="true" signature="setup()[pri:0, instance:tests.Test3_Login_DataProvider@3e0e1046]" started-at="2023-05-01T21:08:50 IST" name="setup" finished-at="2023-05-01T21:09:01 IST" duration-ms="10472" status="PASS">
          <reporter-output>
          </reporter-output>
        </test-method> <!-- setup -->
        <test-method signature="testLogin(java.lang.String,java.lang.String)[pri:1, instance:tests.Test3_Login_DataProvider@3e0e1046]" started-at="2023-05-01T21:09:01 IST" name="testLogin" data-provider="testdata" finished-at="2023-05-01T21:09:05 IST" duration-ms="3981" status="PASS">
          <params>
            <param index="0">
              <value>
                <![CDATA[renu.singh@nagarro.com]]>
              </value>
            </param>
            <param index="1">
              <value>
                <![CDATA[Password123]]>
              </value>
            </param>
          </params>
          <reporter-output>
          </reporter-output>
        </test-method> <!-- testLogin -->
        <test-method is-config="true" signature="afterMethod(org.testng.ITestResult)[pri:0, instance:tests.Test3_Login_DataProvider@3e0e1046]" started-at="2023-05-01T21:09:05 IST" name="afterMethod" finished-at="2023-05-01T21:09:05 IST" duration-ms="257" status="PASS">
          <params>
            <param index="0">
              <value>
                <![CDATA[[TestResult name=testLogin status=SUCCESS method=Test3_Login_DataProvider.testLogin(java.lang.String,java.lang.String)[pri:1, instance:tests.Test3_Login_DataProvider@3e0e1046] output={null}]]]>
              </value>
            </param>
          </params>
          <reporter-output>
          </reporter-output>
        </test-method> <!-- afterMethod -->
        <test-method signature="verifySignOut()[pri:2, instance:tests.Test3_Login_DataProvider@3e0e1046]" started-at="2023-05-01T21:09:05 IST" name="verifySignOut" finished-at="2023-05-01T21:09:09 IST" duration-ms="3603" status="PASS">
          <reporter-output>
          </reporter-output>
        </test-method> <!-- verifySignOut -->
        <test-method is-config="true" signature="afterMethod(org.testng.ITestResult)[pri:0, instance:tests.Test3_Login_DataProvider@3e0e1046]" started-at="2023-05-01T21:09:09 IST" name="afterMethod" finished-at="2023-05-01T21:09:09 IST" duration-ms="35" status="PASS">
          <params>
            <param index="0">
              <value>
                <![CDATA[[TestResult name=verifySignOut status=SUCCESS method=Test3_Login_DataProvider.verifySignOut()[pri:2, instance:tests.Test3_Login_DataProvider@3e0e1046] output={null}]]]>
              </value>
            </param>
          </params>
          <reporter-output>
          </reporter-output>
        </test-method> <!-- afterMethod -->
        <test-method is-config="true" signature="tearDown()[pri:0, instance:tests.Test3_Login_DataProvider@3e0e1046]" started-at="2023-05-01T21:09:09 IST" name="tearDown" finished-at="2023-05-01T21:09:09 IST" duration-ms="214" status="PASS">
          <reporter-output>
          </reporter-output>
        </test-method> <!-- tearDown -->
        <test-method is-config="true" signature="copyTestExecution_In_Folder()[pri:0, instance:tests.Test3_Login_DataProvider@3e0e1046]" started-at="2023-05-01T21:09:09 IST" name="copyTestExecution_In_Folder" finished-at="2023-05-01T21:09:10 IST" duration-ms="685" status="PASS">
          <reporter-output>
          </reporter-output>
        </test-method> <!-- copyTestExecution_In_Folder -->
      </class> <!-- tests.Test3_Login_DataProvider -->
    </test> <!-- Default test -->
  </suite> <!-- Default suite -->
</testng-results>
