<?xml version="1.0" encoding="UTF-8"?>
<testng-results ignored="0" total="8" passed="8" failed="0" skipped="0">
  <reporter-output>
  </reporter-output>
  <suite started-at="2023-05-02T19:10:16 IST" name="Default suite" finished-at="2023-05-02T19:11:09 IST" duration-ms="52940">
    <groups>
    </groups>
    <test started-at="2023-05-02T19:10:16 IST" name="Default test" finished-at="2023-05-02T19:11:09 IST" duration-ms="52940">
      <class name="tests.Test4_HomePage_MenuOptions">
        <test-method is-config="true" signature="setup()[pri:0, instance:tests.Test4_HomePage_MenuOptions@75437611]" started-at="2023-05-02T19:10:16 IST" name="setup" finished-at="2023-05-02T19:10:24 IST" duration-ms="8113" status="PASS">
          <reporter-output>
          </reporter-output>
        </test-method> <!-- setup -->
        <test-method signature="login()[pri:10, instance:tests.Test4_HomePage_MenuOptions@75437611]" started-at="2023-05-02T19:10:24 IST" name="login" finished-at="2023-05-02T19:10:27 IST" duration-ms="3145" status="PASS">
          <reporter-output>
          </reporter-output>
        </test-method> <!-- login -->
        <test-method signature="salePage()[pri:11, instance:tests.Test4_HomePage_MenuOptions@75437611]" started-at="2023-05-02T19:10:27 IST" name="salePage" finished-at="2023-05-02T19:10:33 IST" duration-ms="5686" status="PASS">
          <reporter-output>
          </reporter-output>
        </test-method> <!-- salePage -->
        <test-method signature="whatsNew()[pri:12, instance:tests.Test4_HomePage_MenuOptions@75437611]" started-at="2023-05-02T19:10:33 IST" name="whatsNew" finished-at="2023-05-02T19:10:39 IST" duration-ms="6104" status="PASS">
          <reporter-output>
          </reporter-output>
        </test-method> <!-- whatsNew -->
        <test-method signature="womenCategory()[pri:13, instance:tests.Test4_HomePage_MenuOptions@75437611]" started-at="2023-05-02T19:10:39 IST" name="womenCategory" finished-at="2023-05-02T19:10:45 IST" duration-ms="5929" status="PASS">
          <reporter-output>
          </reporter-output>
        </test-method> <!-- womenCategory -->
        <test-method signature="menCategory()[pri:14, instance:tests.Test4_HomePage_MenuOptions@75437611]" started-at="2023-05-02T19:10:45 IST" name="menCategory" finished-at="2023-05-02T19:10:53 IST" duration-ms="7980" status="PASS">
          <reporter-output>
          </reporter-output>
        </test-method> <!-- menCategory -->
        <test-method signature="gearCategory()[pri:15, instance:tests.Test4_HomePage_MenuOptions@75437611]" started-at="2023-05-02T19:10:53 IST" name="gearCategory" finished-at="2023-05-02T19:10:58 IST" duration-ms="5692" status="PASS">
          <reporter-output>
          </reporter-output>
        </test-method> <!-- gearCategory -->
        <test-method signature="training()[pri:16, instance:tests.Test4_HomePage_MenuOptions@75437611]" started-at="2023-05-02T19:10:58 IST" name="training" finished-at="2023-05-02T19:11:04 IST" duration-ms="6007" status="PASS">
          <reporter-output>
          </reporter-output>
        </test-method> <!-- training -->
        <test-method signature="verifySignOut()[pri:17, instance:tests.Test4_HomePage_MenuOptions@75437611]" started-at="2023-05-02T19:11:04 IST" name="verifySignOut" finished-at="2023-05-02T19:11:08 IST" duration-ms="3974" status="PASS">
          <reporter-output>
          </reporter-output>
        </test-method> <!-- verifySignOut -->
        <test-method is-config="true" signature="tearDown()[pri:0, instance:tests.Test4_HomePage_MenuOptions@75437611]" started-at="2023-05-02T19:11:08 IST" name="tearDown" finished-at="2023-05-02T19:11:09 IST" duration-ms="252" status="PASS">
          <reporter-output>
          </reporter-output>
        </test-method> <!-- tearDown -->
        <test-method is-config="true" signature="copyTestExecution_In_Folder()[pri:0, instance:tests.Test4_HomePage_MenuOptions@75437611]" started-at="2023-05-02T19:11:09 IST" name="copyTestExecution_In_Folder" finished-at="2023-05-02T19:11:09 IST" duration-ms="567" status="PASS">
          <reporter-output>
          </reporter-output>
        </test-method> <!-- copyTestExecution_In_Folder -->
      </class> <!-- tests.Test4_HomePage_MenuOptions -->
    </test> <!-- Default test -->
  </suite> <!-- Default suite -->
</testng-results>
